0 info it worked if it ends with ok
1 verbose cli [ '/usr/local/bin/node',
1 verbose cli   '/usr/local/bin/npm',
1 verbose cli   'install',
1 verbose cli   '--save-dev',
1 verbose cli   'gulp' ]
2 info using npm@2.14.7
3 info using node@v4.2.1
4 verbose install initial load of /Users/macbookpro/Desktop/SITES/newspark/package.json
5 warn package.json newspark@1.0.0 No repository field.
6 warn package.json newspark@1.0.0 No README data
7 verbose installManyTop reading scoped package data from /Users/macbookpro/Desktop/SITES/newspark/node_modules/browser-sync/package.json
8 verbose installManyTop reading scoped package data from /Users/macbookpro/Desktop/SITES/newspark/node_modules/del/package.json
9 verbose installManyTop reading scoped package data from /Users/macbookpro/Desktop/SITES/newspark/node_modules/gulp/package.json
10 verbose installManyTop reading scoped package data from /Users/macbookpro/Desktop/SITES/newspark/node_modules/gulp-autoprefixer/package.json
11 verbose installManyTop reading scoped package data from /Users/macbookpro/Desktop/SITES/newspark/node_modules/gulp-clean/package.json
12 verbose installManyTop reading scoped package data from /Users/macbookpro/Desktop/SITES/newspark/node_modules/gulp-concat/package.json
13 verbose installManyTop reading scoped package data from /Users/macbookpro/Desktop/SITES/newspark/node_modules/gulp-imagemin/package.json
14 verbose installManyTop reading scoped package data from /Users/macbookpro/Desktop/SITES/newspark/node_modules/gulp-livereload/package.json
15 verbose installManyTop reading scoped package data from /Users/macbookpro/Desktop/SITES/newspark/node_modules/gulp-load-plugins/package.json
16 verbose installManyTop reading scoped package data from /Users/macbookpro/Desktop/SITES/newspark/node_modules/gulp-plumber/package.json
17 verbose installManyTop reading scoped package data from /Users/macbookpro/Desktop/SITES/newspark/node_modules/gulp-sass/package.json
18 verbose installManyTop reading scoped package data from /Users/macbookpro/Desktop/SITES/newspark/node_modules/gulp-sourcemaps/package.json
19 verbose installManyTop reading scoped package data from /Users/macbookpro/Desktop/SITES/newspark/node_modules/gulp-uglify/package.json
20 verbose installManyTop reading scoped package data from /Users/macbookpro/Desktop/SITES/newspark/node_modules/imagemin-mozjpeg/package.json
21 info package.json gulp-clean@0.3.1 No license field.
22 verbose readDependencies loading dependencies from /Users/macbookpro/Desktop/SITES/newspark/package.json
23 verbose install gulp is installed as 3.9.0
24 silly cache add args [ 'gulp', null ]
25 verbose cache add spec gulp
26 silly cache add parsed spec Result {
26 silly cache add   raw: 'gulp',
26 silly cache add   scope: null,
26 silly cache add   name: 'gulp',
26 silly cache add   rawSpec: '',
26 silly cache add   spec: '*',
26 silly cache add   type: 'range' }
27 silly addNamed gulp@*
28 verbose addNamed "*" is a valid semver range for gulp
29 silly addNameRange { name: 'gulp', range: '*', hasData: false }
30 silly mapToRegistry name gulp
31 silly mapToRegistry using default registry
32 silly mapToRegistry registry https://registry.npmjs.org/
33 silly mapToRegistry uri https://registry.npmjs.org/gulp
34 verbose addNameRange registry:https://registry.npmjs.org/gulp not in flight; fetching
35 verbose request uri https://registry.npmjs.org/gulp
36 verbose request no auth needed
37 info attempt registry request try #1 at 2:40:15 PM
38 verbose request id 49dfa165657a5889
39 verbose etag "A7KNX6SVJ5HBVTYL4D8G4TKH3"
40 http request GET https://registry.npmjs.org/gulp
41 http 304 https://registry.npmjs.org/gulp
42 verbose headers { date: 'Wed, 16 Dec 2015 19:40:16 GMT',
42 verbose headers   via: '1.1 varnish',
42 verbose headers   'cache-control': 'max-age=300',
42 verbose headers   etag: '"A7KNX6SVJ5HBVTYL4D8G4TKH3"',
42 verbose headers   age: '278',
42 verbose headers   connection: 'keep-alive',
42 verbose headers   'x-served-by': 'cache-iad2135-IAD',
42 verbose headers   'x-cache': 'HIT',
42 verbose headers   'x-cache-hits': '7',
42 verbose headers   'x-timer': 'S1450294816.290110,VS0,VE0',
42 verbose headers   vary: 'Accept' }
43 silly get cb [ 304,
43 silly get   { date: 'Wed, 16 Dec 2015 19:40:16 GMT',
43 silly get     via: '1.1 varnish',
43 silly get     'cache-control': 'max-age=300',
43 silly get     etag: '"A7KNX6SVJ5HBVTYL4D8G4TKH3"',
43 silly get     age: '278',
43 silly get     connection: 'keep-alive',
43 silly get     'x-served-by': 'cache-iad2135-IAD',
43 silly get     'x-cache': 'HIT',
43 silly get     'x-cache-hits': '7',
43 silly get     'x-timer': 'S1450294816.290110,VS0,VE0',
43 silly get     vary: 'Accept' } ]
44 verbose etag https://registry.npmjs.org/gulp from cache
45 verbose get saving gulp to /Users/macbookpro/.npm/registry.npmjs.org/gulp/.cache.json
46 silly addNameRange number 2 { name: 'gulp', range: '*', hasData: true }
47 silly addNameRange versions [ 'gulp',
47 silly addNameRange   [ '0.0.1',
47 silly addNameRange     '0.0.2',
47 silly addNameRange     '0.0.3',
47 silly addNameRange     '0.0.4',
47 silly addNameRange     '0.0.5',
47 silly addNameRange     '0.0.7',
47 silly addNameRange     '0.0.8',
47 silly addNameRange     '0.0.9',
47 silly addNameRange     '0.1.0',
47 silly addNameRange     '0.2.0',
47 silly addNameRange     '1.0.0',
47 silly addNameRange     '1.1.0',
47 silly addNameRange     '1.2.0',
47 silly addNameRange     '1.2.1',
47 silly addNameRange     '2.0.0',
47 silly addNameRange     '2.0.1',
47 silly addNameRange     '2.1.0',
47 silly addNameRange     '2.2.0',
47 silly addNameRange     '2.3.0',
47 silly addNameRange     '2.4.0',
47 silly addNameRange     '2.4.1',
47 silly addNameRange     '2.6.0',
47 silly addNameRange     '2.6.1',
47 silly addNameRange     '2.7.0',
47 silly addNameRange     '3.0.0',
47 silly addNameRange     '3.1.1',
47 silly addNameRange     '3.1.2',
47 silly addNameRange     '3.1.3',
47 silly addNameRange     '3.1.4',
47 silly addNameRange     '3.2.0',
47 silly addNameRange     '3.2.1',
47 silly addNameRange     '3.2.2',
47 silly addNameRange     '3.2.3',
47 silly addNameRange     '3.2.4',
47 silly addNameRange     '3.2.5',
47 silly addNameRange     '3.3.0',
47 silly addNameRange     '3.3.1',
47 silly addNameRange     '3.3.2',
47 silly addNameRange     '3.3.4',
47 silly addNameRange     '3.4.0',
47 silly addNameRange     '3.5.0',
47 silly addNameRange     '3.5.1',
47 silly addNameRange     '3.5.2',
47 silly addNameRange     '3.5.5',
47 silly addNameRange     '3.5.6',
47 silly addNameRange     '3.6.0',
47 silly addNameRange     '3.6.1',
47 silly addNameRange     '3.6.2',
47 silly addNameRange     '3.7.0',
47 silly addNameRange     '3.8.0',
47 silly addNameRange     '3.8.1',
47 silly addNameRange     '3.8.2',
47 silly addNameRange     '3.8.3',
47 silly addNameRange     '3.8.4',
47 silly addNameRange     '3.8.5',
47 silly addNameRange     '3.8.6',
47 silly addNameRange     '3.8.7',
47 silly addNameRange     '3.8.8',
47 silly addNameRange     '3.8.9',
47 silly addNameRange     '3.8.10',
47 silly addNameRange     '3.8.11',
47 silly addNameRange     '3.9.0' ] ]
48 silly addNamed gulp@3.9.0
49 verbose addNamed "3.9.0" is a plain semver version for gulp
50 silly cache afterAdd gulp@3.9.0
51 verbose afterAdd /Users/macbookpro/.npm/gulp/3.9.0/package/package.json not in flight; writing
52 verbose afterAdd /Users/macbookpro/.npm/gulp/3.9.0/package/package.json written
53 silly install resolved [ { name: 'gulp',
53 silly install resolved     description: 'The streaming build system',
53 silly install resolved     version: '3.9.0',
53 silly install resolved     homepage: 'http://gulpjs.com',
53 silly install resolved     repository: { type: 'git', url: 'git+https://github.com/gulpjs/gulp.git' },
53 silly install resolved     author:
53 silly install resolved      { name: 'Fractal',
53 silly install resolved        email: 'contact@wearefractal.com',
53 silly install resolved        url: 'http://wearefractal.com/' },
53 silly install resolved     tags: [ 'build', 'stream', 'system', 'make', 'tool', 'asset', 'pipeline' ],
53 silly install resolved     files: [ 'index.js', 'lib', 'bin', 'completion' ],
53 silly install resolved     bin: { gulp: './bin/gulp.js' },
53 silly install resolved     man: [ 'gulp.1' ],
53 silly install resolved     dependencies:
53 silly install resolved      { archy: '^1.0.0',
53 silly install resolved        chalk: '^1.0.0',
53 silly install resolved        deprecated: '^0.0.1',
53 silly install resolved        'gulp-util': '^3.0.0',
53 silly install resolved        interpret: '^0.6.2',
53 silly install resolved        liftoff: '^2.1.0',
53 silly install resolved        minimist: '^1.1.0',
53 silly install resolved        orchestrator: '^0.3.0',
53 silly install resolved        'pretty-hrtime': '^1.0.0',
53 silly install resolved        semver: '^4.1.0',
53 silly install resolved        tildify: '^1.0.0',
53 silly install resolved        v8flags: '^2.0.2',
53 silly install resolved        'vinyl-fs': '^0.3.0' },
53 silly install resolved     devDependencies:
53 silly install resolved      { coveralls: '^2.7.0',
53 silly install resolved        'graceful-fs': '^3.0.0',
53 silly install resolved        istanbul: '^0.3.0',
53 silly install resolved        jscs: '~1.12.0',
53 silly install resolved        jshint: '^2.5.0',
53 silly install resolved        'jshint-stylish': '^1.0.0',
53 silly install resolved        'marked-man': '^0.1.3',
53 silly install resolved        mkdirp: '^0.5.0',
53 silly install resolved        mocha: '^2.0.1',
53 silly install resolved        'mocha-lcov-reporter': '^0.0.1',
53 silly install resolved        q: '^1.0.0',
53 silly install resolved        rimraf: '^2.2.5',
53 silly install resolved        should: '^5.0.1' },
53 silly install resolved     scripts:
53 silly install resolved      { prepublish: 'marked-man --name gulp docs/CLI.md > gulp.1',
53 silly install resolved        lint: 'jshint lib bin test index.js --reporter node_modules/jshint-stylish/stylish.js --exclude node_modules && jscs lib bin test index.js',
53 silly install resolved        test: 'npm run-script lint && mocha --reporter spec',
53 silly install resolved        coveralls: 'istanbul cover _mocha --report lcovonly -- -R spec && cat ./coverage/lcov.info | coveralls && rm -rf ./coverage' },
53 silly install resolved     engines: { node: '>= 0.9' },
53 silly install resolved     license: 'MIT',
53 silly install resolved     gitHead: '657213a52d5e9c19b85df6a42f76341a98c08ae8',
53 silly install resolved     bugs: { url: 'https://github.com/gulpjs/gulp/issues' },
53 silly install resolved     _id: 'gulp@3.9.0',
53 silly install resolved     _shasum: 'cf1fba4cb558bb8c6ae6c9613f583ae2620d214a',
53 silly install resolved     _from: 'gulp@*',
53 silly install resolved     _npmVersion: '2.8.3',
53 silly install resolved     _nodeVersion: '0.10.36',
53 silly install resolved     _npmUser: { name: 'phated', email: 'blaine@iceddev.com' },
53 silly install resolved     maintainers: [ [Object], [Object] ],
53 silly install resolved     dist:
53 silly install resolved      { shasum: 'cf1fba4cb558bb8c6ae6c9613f583ae2620d214a',
53 silly install resolved        tarball: 'http://registry.npmjs.org/gulp/-/gulp-3.9.0.tgz' },
53 silly install resolved     directories: {},
53 silly install resolved     _resolved: 'https://registry.npmjs.org/gulp/-/gulp-3.9.0.tgz',
53 silly install resolved     readme: 'ERROR: No README data found!' } ]
54 info install gulp@3.9.0 into /Users/macbookpro/Desktop/SITES/newspark
55 info installOne gulp@3.9.0
56 verbose installOne of gulp to /Users/macbookpro/Desktop/SITES/newspark not in flight; installing
57 verbose lock using /Users/macbookpro/.npm/_locks/gulp-dc1c9d4015c60d78.lock for /Users/macbookpro/Desktop/SITES/newspark/node_modules/gulp
58 silly install write writing gulp 3.9.0 to /Users/macbookpro/Desktop/SITES/newspark/node_modules/gulp
59 verbose unbuild node_modules/gulp
60 info preuninstall gulp@3.9.0
61 info uninstall gulp@3.9.0
62 verbose unbuild rmStuff gulp@3.9.0 from /Users/macbookpro/Desktop/SITES/newspark/node_modules
63 silly gentlyRm /Users/macbookpro/Desktop/SITES/newspark/node_modules/.bin/gulp is being gently removed
64 silly gentlyRm verifying /Users/macbookpro/Desktop/SITES/newspark is an npm working directory
65 silly gentlyRm containing path /Users/macbookpro/Desktop/SITES/newspark is under npm's control, in /Users/macbookpro/Desktop/SITES/newspark
66 silly gentlyRm deletion target /Users/macbookpro/Desktop/SITES/newspark/node_modules/.bin/gulp is under /Users/macbookpro/Desktop/SITES/newspark
67 verbose gentlyRm vacuuming from /Users/macbookpro/Desktop/SITES/newspark/node_modules/.bin/gulp up to /Users/macbookpro/Desktop/SITES/newspark
68 silly vacuum-fs removing /Users/macbookpro/Desktop/SITES/newspark/node_modules/.bin/gulp
69 silly vacuum-fs quitting because other entries in /Users/macbookpro/Desktop/SITES/newspark/node_modules/.bin
70 info postuninstall gulp@3.9.0
71 silly gentlyRm /Users/macbookpro/Desktop/SITES/newspark/node_modules/gulp is being purged from base /Users/macbookpro/Desktop/SITES/newspark
72 verbose gentlyRm don't care about contents; nuking /Users/macbookpro/Desktop/SITES/newspark/node_modules/gulp
73 silly vacuum-fs purging /Users/macbookpro/Desktop/SITES/newspark/node_modules/gulp
74 verbose unlock done using /Users/macbookpro/.npm/_locks/gulp-dc1c9d4015c60d78.lock for /Users/macbookpro/Desktop/SITES/newspark/node_modules/gulp
75 verbose stack Error: EACCES: permission denied, unlink '/Users/macbookpro/Desktop/SITES/newspark/node_modules/gulp/node_modules/.bin/semver'
75 verbose stack     at Error (native)
76 verbose cwd /Users/macbookpro/Desktop/SITES/newspark
77 error Darwin 13.4.0
78 error argv "/usr/local/bin/node" "/usr/local/bin/npm" "install" "--save-dev" "gulp"
79 error node v4.2.1
80 error npm  v2.14.7
81 error path /Users/macbookpro/Desktop/SITES/newspark/node_modules/gulp/node_modules/.bin/semver
82 error code EACCES
83 error errno -13
84 error syscall unlink
85 error Error: EACCES: permission denied, unlink '/Users/macbookpro/Desktop/SITES/newspark/node_modules/gulp/node_modules/.bin/semver'
85 error     at Error (native)
85 error  { [Error: EACCES: permission denied, unlink '/Users/macbookpro/Desktop/SITES/newspark/node_modules/gulp/node_modules/.bin/semver']
85 error   errno: -13,
85 error   code: 'EACCES',
85 error   syscall: 'unlink',
85 error   path: '/Users/macbookpro/Desktop/SITES/newspark/node_modules/gulp/node_modules/.bin/semver' }
86 error Please try running this command again as root/Administrator.
87 verbose exit [ -13, true ]
88 verbose unbuild node_modules/gulp
89 silly gentlyRm /Users/macbookpro/Desktop/SITES/newspark/node_modules/gulp is being purged from base /Users/macbookpro/Desktop/SITES/newspark
90 verbose gentlyRm don't care about contents; nuking /Users/macbookpro/Desktop/SITES/newspark/node_modules/gulp
91 silly vacuum-fs purging /Users/macbookpro/Desktop/SITES/newspark/node_modules/gulp
92 error error rolling back Error: EACCES: permission denied, unlink '/Users/macbookpro/Desktop/SITES/newspark/node_modules/gulp/node_modules/.bin/semver'
92 error error rolling back     at Error (native)
92 error error rolling back  { [Error: EACCES: permission denied, unlink '/Users/macbookpro/Desktop/SITES/newspark/node_modules/gulp/node_modules/.bin/semver']
92 error error rolling back   errno: -13,
92 error error rolling back   code: 'EACCES',
92 error error rolling back   syscall: 'unlink',
92 error error rolling back   path: '/Users/macbookpro/Desktop/SITES/newspark/node_modules/gulp/node_modules/.bin/semver' }
